<?xml version="1.0" encoding="UTF-8"?>
<!-- Generated by org.testng.reporters.JUnitReportReporter -->
<testsuite hostname="shamss-MBP.lan1" failures="0" tests="3" name="com.crm.qa.testCases.HomePageTest" time="25.205" errors="0" timestamp="07 Jan 2019 05:18:06 GMT" skipped="0">
  <testcase classname="com.crm.qa.testCases.HomePageTest" name="verifyHomePageTitleTest" time="7.584"/>
  <testcase classname="com.crm.qa.testCases.HomePageTest" name="verifyUsernameLabelTest" time="7.847"/>
  <testcase classname="com.crm.qa.testCases.HomePageTest" name="clickOnContactLinkTest" time="9.774"/>
</testsuite> <!-- com.crm.qa.testCases.HomePageTest -->
