<?xml version="1.0" encoding="UTF-8"?>
<!-- Generated by org.testng.reporters.JUnitReportReporter -->
<testsuite hostname="shamss-MBP.lan1" failures="0" tests="3" name="com.crm.qa.testCases.LoginPageTest" time="14.136" errors="0" timestamp="07 Jan 2019 05:18:06 GMT" skipped="0">
  <testcase classname="com.crm.qa.testCases.LoginPageTest" name="loginPageTitleTest" time="3.252"/>
  <testcase classname="com.crm.qa.testCases.LoginPageTest" name="CRMLogoImageTest" time="3.280"/>
  <testcase classname="com.crm.qa.testCases.LoginPageTest" name="loginTest" time="7.604"/>
</testsuite> <!-- com.crm.qa.testCases.LoginPageTest -->
