<?xml version="1.0" encoding="UTF-8"?>
<!-- Generated by org.testng.reporters.JUnitReportReporter -->
<testsuite hostname="shamss-MBP.lan1" failures="0" tests="3" name="com.crm.qa.testCases.ContactPageTest" time="57.197" errors="0" timestamp="07 Jan 2019 05:18:06 GMT" skipped="0">
  <testcase classname="com.crm.qa.testCases.ContactPageTest" name="verifyContactLogoTest" time="16.565"/>
  <testcase classname="com.crm.qa.testCases.ContactPageTest" name="selectSingleContactByNameTest" time="13.227"/>
  <testcase classname="com.crm.qa.testCases.ContactPageTest" name="selectMultipleSingleContactByNameTest" time="27.405"/>
</testsuite> <!-- com.crm.qa.testCases.ContactPageTest -->
